<?xml version="1.0" encoding="UTF-8"?>
<!-- Generated by org.testng.reporters.JUnitReportReporter -->
<testsuite hostname="RJ" failures="0" tests="1" name="Test.Third" time="8.656" errors="0" timestamp="2022-09-04T18:47:48 IST" skipped="0">
  <testcase classname="Test.Third" name="Leaf" time="8.656"/>
  <system-out/>
</testsuite> <!-- Test.Third -->
